<?xml version="1.0" encoding="UTF-8"?>
<testsuite xmlns:xsi="http://www.w3.org/2001/XMLSchema-instance" xsi:noNamespaceSchemaLocation="https://maven.apache.org/surefire/maven-surefire-plugin/xsd/surefire-test-report.xsd" version="3.0.2" name="TestSuite" time="56.867" tests="3" errors="0" skipped="0" failures="0">
  <properties>
    <property name="surefire.suiteXmlFiles" value="src/test/resources/testng/regression_suite.xml"/>
    <property name="java.specification.version" value="21"/>
    <property name="sun.cpu.isalist" value="amd64"/>
    <property name="sun.jnu.encoding" value="Cp1252"/>
    <property name="java.class.path" value="C:\Users\ujjawalverma\SeleniumDemo\target\test-classes;C:\Users\ujjawalverma\SeleniumDemo\target\classes;C:\Users\ujjawalverma\.m2\repository\org\seleniumhq\selenium\selenium-java\4.22.0\selenium-java-4.22.0.jar;C:\Users\ujjawalverma\.m2\repository\org\seleniumhq\selenium\selenium-api\4.22.0\selenium-api-4.22.0.jar;C:\Users\ujjawalverma\.m2\repository\org\seleniumhq\selenium\selenium-chrome-driver\4.22.0\selenium-chrome-driver-4.22.0.jar;C:\Users\ujjawalverma\.m2\repository\com\google\auto\service\auto-service-annotations\1.1.1\auto-service-annotations-1.1.1.jar;C:\Users\ujjawalverma\.m2\repository\org\seleniumhq\selenium\selenium-chromium-driver\4.22.0\selenium-chromium-driver-4.22.0.jar;C:\Users\ujjawalverma\.m2\repository\org\seleniumhq\selenium\selenium-json\4.22.0\selenium-json-4.22.0.jar;C:\Users\ujjawalverma\.m2\repository\org\seleniumhq\selenium\selenium-manager\4.22.0\selenium-manager-4.22.0.jar;C:\Users\ujjawalverma\.m2\repository\org\seleniumhq\selenium\selenium-devtools-v124\4.22.0\selenium-devtools-v124-4.22.0.jar;C:\Users\ujjawalverma\.m2\repository\org\seleniumhq\selenium\selenium-devtools-v125\4.22.0\selenium-devtools-v125-4.22.0.jar;C:\Users\ujjawalverma\.m2\repository\org\seleniumhq\selenium\selenium-devtools-v126\4.22.0\selenium-devtools-v126-4.22.0.jar;C:\Users\ujjawalverma\.m2\repository\org\seleniumhq\selenium\selenium-devtools-v85\4.22.0\selenium-devtools-v85-4.22.0.jar;C:\Users\ujjawalverma\.m2\repository\org\seleniumhq\selenium\selenium-edge-driver\4.22.0\selenium-edge-driver-4.22.0.jar;C:\Users\ujjawalverma\.m2\repository\org\seleniumhq\selenium\selenium-firefox-driver\4.22.0\selenium-firefox-driver-4.22.0.jar;C:\Users\ujjawalverma\.m2\repository\org\seleniumhq\selenium\selenium-http\4.22.0\selenium-http-4.22.0.jar;C:\Users\ujjawalverma\.m2\repository\dev\failsafe\failsafe\3.3.2\failsafe-3.3.2.jar;C:\Users\ujjawalverma\.m2\repository\org\seleniumhq\selenium\selenium-ie-driver\4.22.0\selenium-ie-driver-4.22.0.jar;C:\Users\ujjawalverma\.m2\repository\org\seleniumhq\selenium\selenium-remote-driver\4.22.0\selenium-remote-driver-4.22.0.jar;C:\Users\ujjawalverma\.m2\repository\io\opentelemetry\semconv\opentelemetry-semconv\1.25.0-alpha\opentelemetry-semconv-1.25.0-alpha.jar;C:\Users\ujjawalverma\.m2\repository\io\opentelemetry\opentelemetry-api\1.39.0\opentelemetry-api-1.39.0.jar;C:\Users\ujjawalverma\.m2\repository\io\opentelemetry\opentelemetry-context\1.39.0\opentelemetry-context-1.39.0.jar;C:\Users\ujjawalverma\.m2\repository\io\opentelemetry\opentelemetry-exporter-logging\1.39.0\opentelemetry-exporter-logging-1.39.0.jar;C:\Users\ujjawalverma\.m2\repository\io\opentelemetry\opentelemetry-sdk-common\1.39.0\opentelemetry-sdk-common-1.39.0.jar;C:\Users\ujjawalverma\.m2\repository\io\opentelemetry\opentelemetry-sdk-extension-autoconfigure-spi\1.39.0\opentelemetry-sdk-extension-autoconfigure-spi-1.39.0.jar;C:\Users\ujjawalverma\.m2\repository\io\opentelemetry\opentelemetry-sdk-extension-autoconfigure\1.39.0\opentelemetry-sdk-extension-autoconfigure-1.39.0.jar;C:\Users\ujjawalverma\.m2\repository\io\opentelemetry\opentelemetry-api-incubator\1.39.0-alpha\opentelemetry-api-incubator-1.39.0-alpha.jar;C:\Users\ujjawalverma\.m2\repository\io\opentelemetry\opentelemetry-sdk-trace\1.39.0\opentelemetry-sdk-trace-1.39.0.jar;C:\Users\ujjawalverma\.m2\repository\io\opentelemetry\opentelemetry-sdk\1.39.0\opentelemetry-sdk-1.39.0.jar;C:\Users\ujjawalverma\.m2\repository\io\opentelemetry\opentelemetry-sdk-metrics\1.39.0\opentelemetry-sdk-metrics-1.39.0.jar;C:\Users\ujjawalverma\.m2\repository\io\opentelemetry\opentelemetry-sdk-logs\1.39.0\opentelemetry-sdk-logs-1.39.0.jar;C:\Users\ujjawalverma\.m2\repository\net\bytebuddy\byte-buddy\1.14.17\byte-buddy-1.14.17.jar;C:\Users\ujjawalverma\.m2\repository\org\seleniumhq\selenium\selenium-os\4.22.0\selenium-os-4.22.0.jar;C:\Users\ujjawalverma\.m2\repository\org\apache\commons\commons-exec\1.4.0\commons-exec-1.4.0.jar;C:\Users\ujjawalverma\.m2\repository\org\seleniumhq\selenium\selenium-safari-driver\4.22.0\selenium-safari-driver-4.22.0.jar;C:\Users\ujjawalverma\.m2\repository\org\seleniumhq\selenium\selenium-support\4.22.0\selenium-support-4.22.0.jar;C:\Users\ujjawalverma\.m2\repository\org\testng\testng\7.10.1\testng-7.10.1.jar;C:\Users\ujjawalverma\.m2\repository\org\slf4j\slf4j-api\1.7.36\slf4j-api-1.7.36.jar;C:\Users\ujjawalverma\.m2\repository\com\beust\jcommander\1.82\jcommander-1.82.jar;C:\Users\ujjawalverma\.m2\repository\org\webjars\jquery\3.7.1\jquery-3.7.1.jar;C:\Users\ujjawalverma\.m2\repository\org\apache\logging\log4j\log4j-api\2.23.1\log4j-api-2.23.1.jar;C:\Users\ujjawalverma\.m2\repository\org\apache\logging\log4j\log4j-core\2.23.1\log4j-core-2.23.1.jar;C:\Users\ujjawalverma\.m2\repository\commons-io\commons-io\2.16.1\commons-io-2.16.1.jar;C:\Users\ujjawalverma\.m2\repository\io\qameta\allure\allure-testng\2.29.0\allure-testng-2.29.0.jar;C:\Users\ujjawalverma\.m2\repository\io\qameta\allure\allure-java-commons\2.29.0\allure-java-commons-2.29.0.jar;C:\Users\ujjawalverma\.m2\repository\io\qameta\allure\allure-model\2.29.0\allure-model-2.29.0.jar;C:\Users\ujjawalverma\.m2\repository\io\qameta\allure\allure-test-filter\2.29.0\allure-test-filter-2.29.0.jar;C:\Users\ujjawalverma\.m2\repository\org\aspectj\aspectjweaver\1.9.22\aspectjweaver-1.9.22.jar;C:\Users\ujjawalverma\.m2\repository\io\rest-assured\rest-assured\5.4.0\rest-assured-5.4.0.jar;C:\Users\ujjawalverma\.m2\repository\org\apache\groovy\groovy\4.0.16\groovy-4.0.16.jar;C:\Users\ujjawalverma\.m2\repository\org\apache\groovy\groovy-xml\4.0.16\groovy-xml-4.0.16.jar;C:\Users\ujjawalverma\.m2\repository\org\apache\httpcomponents\httpclient\4.5.13\httpclient-4.5.13.jar;C:\Users\ujjawalverma\.m2\repository\org\apache\httpcomponents\httpcore\4.4.13\httpcore-4.4.13.jar;C:\Users\ujjawalverma\.m2\repository\commons-logging\commons-logging\1.2\commons-logging-1.2.jar;C:\Users\ujjawalverma\.m2\repository\commons-codec\commons-codec\1.11\commons-codec-1.11.jar;C:\Users\ujjawalverma\.m2\repository\org\apache\httpcomponents\httpmime\4.5.13\httpmime-4.5.13.jar;C:\Users\ujjawalverma\.m2\repository\org\ccil\cowan\tagsoup\tagsoup\1.2.1\tagsoup-1.2.1.jar;C:\Users\ujjawalverma\.m2\repository\io\rest-assured\xml-path\5.4.0\xml-path-5.4.0.jar;C:\Users\ujjawalverma\.m2\repository\org\apache\commons\commons-lang3\3.11\commons-lang3-3.11.jar;C:\Users\ujjawalverma\.m2\repository\io\rest-assured\json-path\5.4.0\json-path-5.4.0.jar;C:\Users\ujjawalverma\.m2\repository\org\apache\groovy\groovy-json\4.0.16\groovy-json-4.0.16.jar;C:\Users\ujjawalverma\.m2\repository\io\rest-assured\rest-assured-common\5.4.0\rest-assured-common-5.4.0.jar;C:\Users\ujjawalverma\.m2\repository\io\rest-assured\json-schema-validator\5.4.0\json-schema-validator-5.4.0.jar;C:\Users\ujjawalverma\.m2\repository\com\github\java-json-tools\json-schema-validator\2.2.14\json-schema-validator-2.2.14.jar;C:\Users\ujjawalverma\.m2\repository\com\github\java-json-tools\jackson-coreutils-equivalence\1.0\jackson-coreutils-equivalence-1.0.jar;C:\Users\ujjawalverma\.m2\repository\com\fasterxml\jackson\core\jackson-databind\2.11.0\jackson-databind-2.11.0.jar;C:\Users\ujjawalverma\.m2\repository\com\fasterxml\jackson\core\jackson-annotations\2.11.0\jackson-annotations-2.11.0.jar;C:\Users\ujjawalverma\.m2\repository\com\fasterxml\jackson\core\jackson-core\2.11.0\jackson-core-2.11.0.jar;C:\Users\ujjawalverma\.m2\repository\com\github\java-json-tools\jackson-coreutils\2.0\jackson-coreutils-2.0.jar;C:\Users\ujjawalverma\.m2\repository\com\github\java-json-tools\msg-simple\1.2\msg-simple-1.2.jar;C:\Users\ujjawalverma\.m2\repository\com\github\java-json-tools\btf\1.3\btf-1.3.jar;C:\Users\ujjawalverma\.m2\repository\com\github\java-json-tools\json-schema-core\1.2.14\json-schema-core-1.2.14.jar;C:\Users\ujjawalverma\.m2\repository\com\github\java-json-tools\uri-template\0.10\uri-template-0.10.jar;C:\Users\ujjawalverma\.m2\repository\org\mozilla\rhino\1.7.7.2\rhino-1.7.7.2.jar;C:\Users\ujjawalverma\.m2\repository\com\sun\mail\mailapi\1.6.2\mailapi-1.6.2.jar;C:\Users\ujjawalverma\.m2\repository\joda-time\joda-time\2.10.5\joda-time-2.10.5.jar;C:\Users\ujjawalverma\.m2\repository\com\googlecode\libphonenumber\libphonenumber\8.11.1\libphonenumber-8.11.1.jar;C:\Users\ujjawalverma\.m2\repository\com\google\code\findbugs\jsr305\3.0.2\jsr305-3.0.2.jar;C:\Users\ujjawalverma\.m2\repository\net\sf\jopt-simple\jopt-simple\5.0.4\jopt-simple-5.0.4.jar;C:\Users\ujjawalverma\.m2\repository\com\google\guava\guava\32.0.1-jre\guava-32.0.1-jre.jar;C:\Users\ujjawalverma\.m2\repository\com\google\guava\failureaccess\1.0.1\failureaccess-1.0.1.jar;C:\Users\ujjawalverma\.m2\repository\com\google\guava\listenablefuture\9999.0-empty-to-avoid-conflict-with-guava\listenablefuture-9999.0-empty-to-avoid-conflict-with-guava.jar;C:\Users\ujjawalverma\.m2\repository\org\checkerframework\checker-qual\3.33.0\checker-qual-3.33.0.jar;C:\Users\ujjawalverma\.m2\repository\com\google\errorprone\error_prone_annotations\2.18.0\error_prone_annotations-2.18.0.jar;C:\Users\ujjawalverma\.m2\repository\com\google\j2objc\j2objc-annotations\2.8\j2objc-annotations-2.8.jar;C:\Users\ujjawalverma\.m2\repository\org\hamcrest\hamcrest\2.2\hamcrest-2.2.jar;C:\Users\ujjawalverma\.m2\repository\com\mysql\mysql-connector-j\8.4.0\mysql-connector-j-8.4.0.jar;C:\Users\ujjawalverma\.m2\repository\com\google\protobuf\protobuf-java\3.25.1\protobuf-java-3.25.1.jar;C:\Users\ujjawalverma\.m2\repository\com\zaxxer\HikariCP\5.1.0\HikariCP-5.1.0.jar;"/>
    <property name="java.vm.vendor" value="Eclipse Adoptium"/>
    <property name="sun.arch.data.model" value="64"/>
    <property name="user.variant" value=""/>
    <property name="java.vendor.url" value="https://adoptium.net/"/>
    <property name="user.timezone" value="Asia/Calcutta"/>
    <property name="os.name" value="Windows 11"/>
    <property name="java.vm.specification.version" value="21"/>
    <property name="sun.java.launcher" value="SUN_STANDARD"/>
    <property name="user.country" value="IN"/>
    <property name="sun.boot.library.path" value="C:\Users\ujjawalverma\AppData\Local\Programs\Eclipse Adoptium\jdk-21.0.7.6-hotspot\bin"/>
    <property name="sun.java.command" value="C:\Users\ujjawalverma\AppData\Local\Temp\surefire16007499705674437608\surefirebooter-20250727152244212_3.jar C:\Users\ujjawalverma\AppData\Local\Temp\surefire16007499705674437608 2025-07-27T15-22-43_892-jvmRun1 surefire-20250727152244212_1tmp surefire_0-20250727152244212_2tmp"/>
    <property name="jdk.debug" value="release"/>
    <property name="surefire.test.class.path" value="C:\Users\ujjawalverma\SeleniumDemo\target\test-classes;C:\Users\ujjawalverma\SeleniumDemo\target\classes;C:\Users\ujjawalverma\.m2\repository\org\seleniumhq\selenium\selenium-java\4.22.0\selenium-java-4.22.0.jar;C:\Users\ujjawalverma\.m2\repository\org\seleniumhq\selenium\selenium-api\4.22.0\selenium-api-4.22.0.jar;C:\Users\ujjawalverma\.m2\repository\org\seleniumhq\selenium\selenium-chrome-driver\4.22.0\selenium-chrome-driver-4.22.0.jar;C:\Users\ujjawalverma\.m2\repository\com\google\auto\service\auto-service-annotations\1.1.1\auto-service-annotations-1.1.1.jar;C:\Users\ujjawalverma\.m2\repository\org\seleniumhq\selenium\selenium-chromium-driver\4.22.0\selenium-chromium-driver-4.22.0.jar;C:\Users\ujjawalverma\.m2\repository\org\seleniumhq\selenium\selenium-json\4.22.0\selenium-json-4.22.0.jar;C:\Users\ujjawalverma\.m2\repository\org\seleniumhq\selenium\selenium-manager\4.22.0\selenium-manager-4.22.0.jar;C:\Users\ujjawalverma\.m2\repository\org\seleniumhq\selenium\selenium-devtools-v124\4.22.0\selenium-devtools-v124-4.22.0.jar;C:\Users\ujjawalverma\.m2\repository\org\seleniumhq\selenium\selenium-devtools-v125\4.22.0\selenium-devtools-v125-4.22.0.jar;C:\Users\ujjawalverma\.m2\repository\org\seleniumhq\selenium\selenium-devtools-v126\4.22.0\selenium-devtools-v126-4.22.0.jar;C:\Users\ujjawalverma\.m2\repository\org\seleniumhq\selenium\selenium-devtools-v85\4.22.0\selenium-devtools-v85-4.22.0.jar;C:\Users\ujjawalverma\.m2\repository\org\seleniumhq\selenium\selenium-edge-driver\4.22.0\selenium-edge-driver-4.22.0.jar;C:\Users\ujjawalverma\.m2\repository\org\seleniumhq\selenium\selenium-firefox-driver\4.22.0\selenium-firefox-driver-4.22.0.jar;C:\Users\ujjawalverma\.m2\repository\org\seleniumhq\selenium\selenium-http\4.22.0\selenium-http-4.22.0.jar;C:\Users\ujjawalverma\.m2\repository\dev\failsafe\failsafe\3.3.2\failsafe-3.3.2.jar;C:\Users\ujjawalverma\.m2\repository\org\seleniumhq\selenium\selenium-ie-driver\4.22.0\selenium-ie-driver-4.22.0.jar;C:\Users\ujjawalverma\.m2\repository\org\seleniumhq\selenium\selenium-remote-driver\4.22.0\selenium-remote-driver-4.22.0.jar;C:\Users\ujjawalverma\.m2\repository\io\opentelemetry\semconv\opentelemetry-semconv\1.25.0-alpha\opentelemetry-semconv-1.25.0-alpha.jar;C:\Users\ujjawalverma\.m2\repository\io\opentelemetry\opentelemetry-api\1.39.0\opentelemetry-api-1.39.0.jar;C:\Users\ujjawalverma\.m2\repository\io\opentelemetry\opentelemetry-context\1.39.0\opentelemetry-context-1.39.0.jar;C:\Users\ujjawalverma\.m2\repository\io\opentelemetry\opentelemetry-exporter-logging\1.39.0\opentelemetry-exporter-logging-1.39.0.jar;C:\Users\ujjawalverma\.m2\repository\io\opentelemetry\opentelemetry-sdk-common\1.39.0\opentelemetry-sdk-common-1.39.0.jar;C:\Users\ujjawalverma\.m2\repository\io\opentelemetry\opentelemetry-sdk-extension-autoconfigure-spi\1.39.0\opentelemetry-sdk-extension-autoconfigure-spi-1.39.0.jar;C:\Users\ujjawalverma\.m2\repository\io\opentelemetry\opentelemetry-sdk-extension-autoconfigure\1.39.0\opentelemetry-sdk-extension-autoconfigure-1.39.0.jar;C:\Users\ujjawalverma\.m2\repository\io\opentelemetry\opentelemetry-api-incubator\1.39.0-alpha\opentelemetry-api-incubator-1.39.0-alpha.jar;C:\Users\ujjawalverma\.m2\repository\io\opentelemetry\opentelemetry-sdk-trace\1.39.0\opentelemetry-sdk-trace-1.39.0.jar;C:\Users\ujjawalverma\.m2\repository\io\opentelemetry\opentelemetry-sdk\1.39.0\opentelemetry-sdk-1.39.0.jar;C:\Users\ujjawalverma\.m2\repository\io\opentelemetry\opentelemetry-sdk-metrics\1.39.0\opentelemetry-sdk-metrics-1.39.0.jar;C:\Users\ujjawalverma\.m2\repository\io\opentelemetry\opentelemetry-sdk-logs\1.39.0\opentelemetry-sdk-logs-1.39.0.jar;C:\Users\ujjawalverma\.m2\repository\net\bytebuddy\byte-buddy\1.14.17\byte-buddy-1.14.17.jar;C:\Users\ujjawalverma\.m2\repository\org\seleniumhq\selenium\selenium-os\4.22.0\selenium-os-4.22.0.jar;C:\Users\ujjawalverma\.m2\repository\org\apache\commons\commons-exec\1.4.0\commons-exec-1.4.0.jar;C:\Users\ujjawalverma\.m2\repository\org\seleniumhq\selenium\selenium-safari-driver\4.22.0\selenium-safari-driver-4.22.0.jar;C:\Users\ujjawalverma\.m2\repository\org\seleniumhq\selenium\selenium-support\4.22.0\selenium-support-4.22.0.jar;C:\Users\ujjawalverma\.m2\repository\org\testng\testng\7.10.1\testng-7.10.1.jar;C:\Users\ujjawalverma\.m2\repository\org\slf4j\slf4j-api\1.7.36\slf4j-api-1.7.36.jar;C:\Users\ujjawalverma\.m2\repository\com\beust\jcommander\1.82\jcommander-1.82.jar;C:\Users\ujjawalverma\.m2\repository\org\webjars\jquery\3.7.1\jquery-3.7.1.jar;C:\Users\ujjawalverma\.m2\repository\org\apache\logging\log4j\log4j-api\2.23.1\log4j-api-2.23.1.jar;C:\Users\ujjawalverma\.m2\repository\org\apache\logging\log4j\log4j-core\2.23.1\log4j-core-2.23.1.jar;C:\Users\ujjawalverma\.m2\repository\commons-io\commons-io\2.16.1\commons-io-2.16.1.jar;C:\Users\ujjawalverma\.m2\repository\io\qameta\allure\allure-testng\2.29.0\allure-testng-2.29.0.jar;C:\Users\ujjawalverma\.m2\repository\io\qameta\allure\allure-java-commons\2.29.0\allure-java-commons-2.29.0.jar;C:\Users\ujjawalverma\.m2\repository\io\qameta\allure\allure-model\2.29.0\allure-model-2.29.0.jar;C:\Users\ujjawalverma\.m2\repository\io\qameta\allure\allure-test-filter\2.29.0\allure-test-filter-2.29.0.jar;C:\Users\ujjawalverma\.m2\repository\org\aspectj\aspectjweaver\1.9.22\aspectjweaver-1.9.22.jar;C:\Users\ujjawalverma\.m2\repository\io\rest-assured\rest-assured\5.4.0\rest-assured-5.4.0.jar;C:\Users\ujjawalverma\.m2\repository\org\apache\groovy\groovy\4.0.16\groovy-4.0.16.jar;C:\Users\ujjawalverma\.m2\repository\org\apache\groovy\groovy-xml\4.0.16\groovy-xml-4.0.16.jar;C:\Users\ujjawalverma\.m2\repository\org\apache\httpcomponents\httpclient\4.5.13\httpclient-4.5.13.jar;C:\Users\ujjawalverma\.m2\repository\org\apache\httpcomponents\httpcore\4.4.13\httpcore-4.4.13.jar;C:\Users\ujjawalverma\.m2\repository\commons-logging\commons-logging\1.2\commons-logging-1.2.jar;C:\Users\ujjawalverma\.m2\repository\commons-codec\commons-codec\1.11\commons-codec-1.11.jar;C:\Users\ujjawalverma\.m2\repository\org\apache\httpcomponents\httpmime\4.5.13\httpmime-4.5.13.jar;C:\Users\ujjawalverma\.m2\repository\org\ccil\cowan\tagsoup\tagsoup\1.2.1\tagsoup-1.2.1.jar;C:\Users\ujjawalverma\.m2\repository\io\rest-assured\xml-path\5.4.0\xml-path-5.4.0.jar;C:\Users\ujjawalverma\.m2\repository\org\apache\commons\commons-lang3\3.11\commons-lang3-3.11.jar;C:\Users\ujjawalverma\.m2\repository\io\rest-assured\json-path\5.4.0\json-path-5.4.0.jar;C:\Users\ujjawalverma\.m2\repository\org\apache\groovy\groovy-json\4.0.16\groovy-json-4.0.16.jar;C:\Users\ujjawalverma\.m2\repository\io\rest-assured\rest-assured-common\5.4.0\rest-assured-common-5.4.0.jar;C:\Users\ujjawalverma\.m2\repository\io\rest-assured\json-schema-validator\5.4.0\json-schema-validator-5.4.0.jar;C:\Users\ujjawalverma\.m2\repository\com\github\java-json-tools\json-schema-validator\2.2.14\json-schema-validator-2.2.14.jar;C:\Users\ujjawalverma\.m2\repository\com\github\java-json-tools\jackson-coreutils-equivalence\1.0\jackson-coreutils-equivalence-1.0.jar;C:\Users\ujjawalverma\.m2\repository\com\fasterxml\jackson\core\jackson-databind\2.11.0\jackson-databind-2.11.0.jar;C:\Users\ujjawalverma\.m2\repository\com\fasterxml\jackson\core\jackson-annotations\2.11.0\jackson-annotations-2.11.0.jar;C:\Users\ujjawalverma\.m2\repository\com\fasterxml\jackson\core\jackson-core\2.11.0\jackson-core-2.11.0.jar;C:\Users\ujjawalverma\.m2\repository\com\github\java-json-tools\jackson-coreutils\2.0\jackson-coreutils-2.0.jar;C:\Users\ujjawalverma\.m2\repository\com\github\java-json-tools\msg-simple\1.2\msg-simple-1.2.jar;C:\Users\ujjawalverma\.m2\repository\com\github\java-json-tools\btf\1.3\btf-1.3.jar;C:\Users\ujjawalverma\.m2\repository\com\github\java-json-tools\json-schema-core\1.2.14\json-schema-core-1.2.14.jar;C:\Users\ujjawalverma\.m2\repository\com\github\java-json-tools\uri-template\0.10\uri-template-0.10.jar;C:\Users\ujjawalverma\.m2\repository\org\mozilla\rhino\1.7.7.2\rhino-1.7.7.2.jar;C:\Users\ujjawalverma\.m2\repository\com\sun\mail\mailapi\1.6.2\mailapi-1.6.2.jar;C:\Users\ujjawalverma\.m2\repository\joda-time\joda-time\2.10.5\joda-time-2.10.5.jar;C:\Users\ujjawalverma\.m2\repository\com\googlecode\libphonenumber\libphonenumber\8.11.1\libphonenumber-8.11.1.jar;C:\Users\ujjawalverma\.m2\repository\com\google\code\findbugs\jsr305\3.0.2\jsr305-3.0.2.jar;C:\Users\ujjawalverma\.m2\repository\net\sf\jopt-simple\jopt-simple\5.0.4\jopt-simple-5.0.4.jar;C:\Users\ujjawalverma\.m2\repository\com\google\guava\guava\32.0.1-jre\guava-32.0.1-jre.jar;C:\Users\ujjawalverma\.m2\repository\com\google\guava\failureaccess\1.0.1\failureaccess-1.0.1.jar;C:\Users\ujjawalverma\.m2\repository\com\google\guava\listenablefuture\9999.0-empty-to-avoid-conflict-with-guava\listenablefuture-9999.0-empty-to-avoid-conflict-with-guava.jar;C:\Users\ujjawalverma\.m2\repository\org\checkerframework\checker-qual\3.33.0\checker-qual-3.33.0.jar;C:\Users\ujjawalverma\.m2\repository\com\google\errorprone\error_prone_annotations\2.18.0\error_prone_annotations-2.18.0.jar;C:\Users\ujjawalverma\.m2\repository\com\google\j2objc\j2objc-annotations\2.8\j2objc-annotations-2.8.jar;C:\Users\ujjawalverma\.m2\repository\org\hamcrest\hamcrest\2.2\hamcrest-2.2.jar;C:\Users\ujjawalverma\.m2\repository\com\mysql\mysql-connector-j\8.4.0\mysql-connector-j-8.4.0.jar;C:\Users\ujjawalverma\.m2\repository\com\google\protobuf\protobuf-java\3.25.1\protobuf-java-3.25.1.jar;C:\Users\ujjawalverma\.m2\repository\com\zaxxer\HikariCP\5.1.0\HikariCP-5.1.0.jar;"/>
    <property name="allure.results.directory" value="C:\Users\ujjawalverma\SeleniumDemo\target/allure-results"/>
    <property name="sun.cpu.endian" value="little"/>
    <property name="user.home" value="C:\Users\ujjawalverma"/>
    <property name="user.language" value="en"/>
    <property name="java.specification.vendor" value="Oracle Corporation"/>
    <property name="java.version.date" value="2025-04-15"/>
    <property name="java.home" value="C:\Users\ujjawalverma\AppData\Local\Programs\Eclipse Adoptium\jdk-21.0.7.6-hotspot"/>
    <property name="file.separator" value="\"/>
    <property name="basedir" value="C:\Users\ujjawalverma\SeleniumDemo"/>
    <property name="java.vm.compressedOopsMode" value="Zero based"/>
    <property name="line.separator" value="&#10;"/>
    <property name="java.vm.specification.vendor" value="Oracle Corporation"/>
    <property name="java.specification.name" value="Java Platform API Specification"/>
    <property name="surefire.real.class.path" value="C:\Users\ujjawalverma\AppData\Local\Temp\surefire16007499705674437608\surefirebooter-20250727152244212_3.jar"/>
    <property name="user.script" value=""/>
    <property name="sun.management.compiler" value="HotSpot 64-Bit Tiered Compilers"/>
    <property name="application.url" value=""/>
    <property name="java.runtime.version" value="21.0.7+6-LTS"/>
    <property name="default.browser" value=""/>
    <property name="user.name" value="ujjawalverma"/>
    <property name="stdout.encoding" value="Cp1252"/>
    <property name="path.separator" value=";"/>
    <property name="os.version" value="10.0"/>
    <property name="java.runtime.name" value="OpenJDK Runtime Environment"/>
    <property name="file.encoding" value="UTF-8"/>
    <property name="browser" value="chrome"/>
    <property name="java.vm.name" value="OpenJDK 64-Bit Server VM"/>
    <property name="java.vendor.version" value="Temurin-21.0.7+6"/>
    <property name="localRepository" value="C:\Users\ujjawalverma\.m2\repository"/>
    <property name="java.vendor.url.bug" value="https://github.com/adoptium/adoptium-support/issues"/>
    <property name="java.io.tmpdir" value="C:\Users\UJJAWA~1\AppData\Local\Temp\"/>
    <property name="java.version" value="21.0.7"/>
    <property name="user.dir" value="C:\Users\ujjawalverma\SeleniumDemo"/>
    <property name="os.arch" value="amd64"/>
    <property name="java.vm.specification.name" value="Java Virtual Machine Specification"/>
    <property name="sun.os.patch.level" value=""/>
    <property name="native.encoding" value="Cp1252"/>
    <property name="java.library.path" value="C:\Users\ujjawalverma\AppData\Local\Programs\Eclipse Adoptium\jdk-21.0.7.6-hotspot\bin;C:\WINDOWS\Sun\Java\bin;C:\WINDOWS\system32;C:\WINDOWS;C:\WINDOWS\system32;C:\WINDOWS;C:\WINDOWS\System32\Wbem;C:\WINDOWS\System32\WindowsPowerShell\v1.0\;C:\WINDOWS\System32\OpenSSH\;C:\Program Files\dotnet\;C:\Program Files\Git\cmd;C:\Program Files\TortoiseSVN\bin;C:\Users\ujjawalverma\AppData\Roaming\npm;C:\Users\ujjawalverma\AppData\Local\Programs\Python\Python313\Scripts;C:\Users\ujjawalverma\AppData\Local\Programs\Python\Python313;C:\Program Files\Microsoft VS Code\bin;C:\Program Files\nodejs\;C:\Users\ujjawalverma\AppData\Local\Programs\Python\Python313\Scripts\;C:\Users\ujjawalverma\AppData\Local\Programs\Python\Python313\;C:\Users\ujjawalverma\AppData\Local\Programs\Eclipse Adoptium\jdk-21.0.7.6-hotspot\bin;C:\Users\ujjawalverma\AppData\Local\Microsoft\WindowsApps;C:\Users\ujjawalverma\AppData\Local\Programs\Microsoft VS Code\bin;C:\Users\ujjawalverma\Downloads\apache-maven-3.9.9-bin\apache-maven-3.9.9\bin;C:\Users\ujjawalverma\AppData\Local\Programs\Ollama;."/>
    <property name="java.vm.info" value="mixed mode, sharing"/>
    <property name="stderr.encoding" value="Cp1252"/>
    <property name="java.vendor" value="Eclipse Adoptium"/>
    <property name="java.vm.version" value="21.0.7+6-LTS"/>
    <property name="sun.io.unicode.encoding" value="UnicodeLittle"/>
    <property name="run.headless" value=""/>
    <property name="java.class.version" value="65.0"/>
  </properties>
  <testcase name="testTextBoxForm[Ujjawal Verma, ujjawal@example.com, 123 Test Lane, 456 Automation St](1)" classname="com.automation.demo.tests.TextBoxFormTest" time="24.88">
    <system-out><![CDATA[2025-07-27 15:22:49.589 [main] INFO  com.automation.demo.utils.AnnotationTransformer - AnnotationTransformer: Processing method: testTextBoxForm in class: UnknownClass
2025-07-27 15:22:49.621 [main] INFO  com.automation.demo.utils.AnnotationTransformer - AnnotationTransformer: Successfully applied TestRetryAnalyzer to: testTextBoxForm
2025-07-27 15:22:49.637 [main] INFO  com.automation.demo.utils.AnnotationTransformer - AnnotationTransformer: Processing method: testCheckBox in class: UnknownClass
2025-07-27 15:22:49.637 [main] INFO  com.automation.demo.utils.AnnotationTransformer - AnnotationTransformer: Successfully applied TestRetryAnalyzer to: testCheckBox
2025-07-27 15:22:49.774 [main] INFO  com.automation.demo.utils.TestListeners - ---------- Test Suite 'UI Tests' Started ----------
2025-07-27 15:22:49.886 [TestNG-test-Text Box Tests-2] DEBUG com.automation.demo.tests.BaseTest - Browser selected from TestNG XML/Maven parameter: chrome
2025-07-27 15:22:49.886 [TestNG-test-Text Box Tests-1] DEBUG com.automation.demo.tests.BaseTest - Browser selected from TestNG XML/Maven parameter: chrome
2025-07-27 15:22:49.926 [TestNG-test-Text Box Tests-1] INFO  com.automation.demo.utils.DriverFactory - chrome browser is selected for execution
2025-07-27 15:22:49.926 [TestNG-test-Text Box Tests-2] INFO  com.automation.demo.utils.DriverFactory - chrome browser is selected for execution
2025-07-27 15:22:49.987 [TestNG-test-Text Box Tests-1] INFO  com.automation.demo.utils.ConfigReader - Successfully loaded configuration from: config.properties
2025-07-27 15:22:49.987 [TestNG-test-Text Box Tests-1] INFO  com.automation.demo.utils.DriverFactory - Running in headless mode: false
2025-07-27 15:22:49.987 [TestNG-test-Text Box Tests-2] INFO  com.automation.demo.utils.DriverFactory - Running in headless mode: false
2025-07-27 15:22:57.148 [TestNG-test-Text Box Tests-2] INFO  com.automation.demo.tests.BaseTest - Webdriver initialized for browser: chrome
2025-07-27 15:22:57.148 [TestNG-test-Text Box Tests-1] INFO  com.automation.demo.tests.BaseTest - Webdriver initialized for browser: chrome
Browser opened in thread: 40
Browser opened in thread: 39
2025-07-27 15:22:57.379 [TestNG-test-Text Box Tests-1] INFO  com.automation.demo.utils.TestListeners - Test Started: testTextBoxForm
2025-07-27 15:22:57.379 [TestNG-test-Text Box Tests-2] INFO  com.automation.demo.utils.TestListeners - Test Started: testCheckBox
Navigated to: https://demoqa.com/checkbox
2025-07-27 15:23:11.986 [TestNG-test-Text Box Tests-2] DEBUG com.automation.demo.pageobjects.BasePage - BasePage initialized with WebDriverWait for 10 seconds.
2025-07-27 15:23:12.165 [TestNG-test-Text Box Tests-2] DEBUG com.automation.demo.pageobjects.CheckBoxPage - CheckBoxPage initialized with WebDriver using PageFactory.
2025-07-27 15:23:12.166 [TestNG-test-Text Box Tests-2] INFO  com.automation.demo.pageobjects.BasePage - Attempting to click WebElement robustly: By.id: tree-node-home
2025-07-27 15:23:12.168 [TestNG-test-Text Box Tests-2] INFO  com.automation.demo.pageobjects.BasePage - Attempting native click on WebElement directly: By.id: tree-node-home
Navigated to: https://demoqa.com/text-box
2025-07-27 15:23:17.542 [TestNG-test-Text Box Tests-1] DEBUG com.automation.demo.pageobjects.BasePage - BasePage initialized with WebDriverWait for 10 seconds.
2025-07-27 15:23:17.558 [TestNG-test-Text Box Tests-1] DEBUG com.automation.demo.pageobjects.TextBoxPage - TextBoxPage initialized with WebDriver using PageFactory.
2025-07-27 15:23:17.561 [TestNG-test-Text Box Tests-1] INFO  com.automation.demo.pageobjects.BasePage - Waiting for WebElement to be visible.
2025-07-27 15:23:18.321 [TestNG-test-Text Box Tests-1] INFO  com.automation.demo.pageobjects.BasePage - Entering text 'Ujjawal Verma' into WebElement.
2025-07-27 15:23:19.126 [TestNG-test-Text Box Tests-1] INFO  com.automation.demo.pageobjects.TextBoxPage - Entering email: ujjawal@example.com
2025-07-27 15:23:19.127 [TestNG-test-Text Box Tests-1] INFO  com.automation.demo.pageobjects.BasePage - Waiting for WebElement to be visible.
2025-07-27 15:23:19.256 [TestNG-test-Text Box Tests-1] INFO  com.automation.demo.pageobjects.BasePage - Entering text 'ujjawal@example.com' into WebElement.
2025-07-27 15:23:19.657 [TestNG-test-Text Box Tests-1] INFO  com.automation.demo.pageobjects.BasePage - Waiting for WebElement to be visible.
2025-07-27 15:23:19.756 [TestNG-test-Text Box Tests-1] INFO  com.automation.demo.pageobjects.BasePage - Entering text '123 Test Lane' into WebElement.
2025-07-27 15:23:20.153 [TestNG-test-Text Box Tests-1] INFO  com.automation.demo.pageobjects.BasePage - Waiting for WebElement to be visible.
2025-07-27 15:23:20.226 [TestNG-test-Text Box Tests-1] INFO  com.automation.demo.pageobjects.BasePage - Entering text '456 Automation St' into WebElement.
2025-07-27 15:23:20.653 [TestNG-test-Text Box Tests-1] INFO  com.automation.demo.pageobjects.BasePage - Scrolling WebElement into view.
2025-07-27 15:23:20.777 [TestNG-test-Text Box Tests-1] INFO  com.automation.demo.pageobjects.BasePage - Scrolling WebElement into view: [[ChromeDriver: chrome on windows (1b4af4ea5f1fa950cfa6b24a1f27f64a)] -> id: submit]
2025-07-27 15:23:20.895 [TestNG-test-Text Box Tests-1] INFO  com.automation.demo.pageobjects.BasePage - Waiting for WebElement to be clickable.
2025-07-27 15:23:21.242 [TestNG-test-Text Box Tests-1] INFO  com.automation.demo.pageobjects.BasePage - Clicking on WebElement using native click.
2025-07-27 15:23:21.846 [TestNG-test-Text Box Tests-1] INFO  com.automation.demo.pageobjects.BasePage - Waiting for WebElement to be visible.
2025-07-27 15:23:22.109 [TestNG-test-Text Box Tests-1] INFO  com.automation.demo.pageobjects.BasePage - Getting text from WebElement - Text: Name:Ujjawal Verma
Email:ujjawal@example.com
Current Address :123 Test Lane
Permananet Address :456 Automation St
2025-07-27 15:23:22.156 [TestNG-test-Text Box Tests-1] INFO  com.automation.demo.utils.TestRetryAnalyzer - TestRetryAnalyzer initialized. Max retry count: 0
2025-07-27 15:23:22.157 [TestNG-test-Text Box Tests-1] INFO  com.automation.demo.utils.TestListeners - Test Passed: testTextBoxForm
]]></system-out>
    <system-err><![CDATA[SLF4J: Failed to load class "org.slf4j.impl.StaticLoggerBinder".
SLF4J: Defaulting to no-operation (NOP) logger implementation
SLF4J: See http://www.slf4j.org/codes.html#StaticLoggerBinder for further details.
Jul 27, 2025 3:22:57 PM org.openqa.selenium.devtools.CdpVersionFinder findNearestMatch
WARNING: Unable to find CDP implementation matching 138
Jul 27, 2025 3:22:57 PM org.openqa.selenium.devtools.CdpVersionFinder findNearestMatch
WARNING: Unable to find CDP implementation matching 138
Jul 27, 2025 3:22:57 PM org.openqa.selenium.chromium.ChromiumDriver lambda$new$5
WARNING: Unable to find version of CDP to use for 138.0.7204.158. You may need to include a dependency on a specific version of the CDP using something similar to `org.seleniumhq.selenium:selenium-devtools-v86:4.22.0` where the version ("v86") matches the version of the chromium-based browser you're using and the version number of the artifact is the same as Selenium's.
Jul 27, 2025 3:22:57 PM org.openqa.selenium.chromium.ChromiumDriver lambda$new$5
WARNING: Unable to find version of CDP to use for 138.0.7204.158. You may need to include a dependency on a specific version of the CDP using something similar to `org.seleniumhq.selenium:selenium-devtools-v86:4.22.0` where the version ("v86") matches the version of the chromium-based browser you're using and the version number of the artifact is the same as Selenium's.
]]></system-err>
  </testcase>
  <testcase name="testTextBoxForm[John Doe, john@example.com, 456 A St, 789 B Ave](2)" classname="com.automation.demo.tests.TextBoxFormTest" time="13.22">
    <system-out><![CDATA[2025-07-27 15:23:23.416 [TestNG-test-Text Box Tests-2] INFO  com.automation.demo.tests.BaseTest - Test passed: testCheckBox
2025-07-27 15:23:23.417 [TestNG-test-Text Box Tests-2] INFO  com.automation.demo.tests.BaseTest - Closing the browser
2025-07-27 15:23:25.047 [TestNG-test-Text Box Tests-1] INFO  com.automation.demo.tests.BaseTest - Browser closed and driver unloaded
Teardown finished in thread: 39
2025-07-27 15:23:25.052 [TestNG-test-Text Box Tests-1] DEBUG com.automation.demo.tests.BaseTest - Browser selected from TestNG XML/Maven parameter: chrome
2025-07-27 15:23:25.052 [TestNG-test-Text Box Tests-1] INFO  com.automation.demo.utils.DriverFactory - chrome browser is selected for execution
2025-07-27 15:23:25.052 [TestNG-test-Text Box Tests-1] INFO  com.automation.demo.utils.DriverFactory - Running in headless mode: false
2025-07-27 15:23:26.743 [TestNG-test-Text Box Tests-2] INFO  com.automation.demo.tests.BaseTest - Browser closed and driver unloaded
Teardown finished in thread: 40
2025-07-27 15:23:29.470 [TestNG-test-Text Box Tests-1] INFO  com.automation.demo.tests.BaseTest - Webdriver initialized for browser: chrome
Browser opened in thread: 39
2025-07-27 15:23:29.479 [TestNG-test-Text Box Tests-1] INFO  com.automation.demo.utils.TestListeners - Test Started: testTextBoxForm
Navigated to: https://demoqa.com/text-box
2025-07-27 15:23:41.080 [TestNG-test-Text Box Tests-1] DEBUG com.automation.demo.pageobjects.BasePage - BasePage initialized with WebDriverWait for 10 seconds.
2025-07-27 15:23:41.081 [TestNG-test-Text Box Tests-1] DEBUG com.automation.demo.pageobjects.TextBoxPage - TextBoxPage initialized with WebDriver using PageFactory.
2025-07-27 15:23:41.081 [TestNG-test-Text Box Tests-1] INFO  com.automation.demo.pageobjects.BasePage - Waiting for WebElement to be visible.
2025-07-27 15:23:41.151 [TestNG-test-Text Box Tests-1] INFO  com.automation.demo.pageobjects.BasePage - Entering text 'John Doe' into WebElement.
2025-07-27 15:23:41.526 [TestNG-test-Text Box Tests-1] INFO  com.automation.demo.pageobjects.TextBoxPage - Entering email: john@example.com
2025-07-27 15:23:41.527 [TestNG-test-Text Box Tests-1] INFO  com.automation.demo.pageobjects.BasePage - Waiting for WebElement to be visible.
2025-07-27 15:23:41.571 [TestNG-test-Text Box Tests-1] INFO  com.automation.demo.pageobjects.BasePage - Entering text 'john@example.com' into WebElement.
2025-07-27 15:23:41.733 [TestNG-test-Text Box Tests-1] INFO  com.automation.demo.pageobjects.BasePage - Waiting for WebElement to be visible.
2025-07-27 15:23:41.756 [TestNG-test-Text Box Tests-1] INFO  com.automation.demo.pageobjects.BasePage - Entering text '456 A St' into WebElement.
2025-07-27 15:23:41.960 [TestNG-test-Text Box Tests-1] INFO  com.automation.demo.pageobjects.BasePage - Waiting for WebElement to be visible.
2025-07-27 15:23:42.007 [TestNG-test-Text Box Tests-1] INFO  com.automation.demo.pageobjects.BasePage - Entering text '789 B Ave' into WebElement.
2025-07-27 15:23:42.251 [TestNG-test-Text Box Tests-1] INFO  com.automation.demo.pageobjects.BasePage - Scrolling WebElement into view.
2025-07-27 15:23:42.343 [TestNG-test-Text Box Tests-1] INFO  com.automation.demo.pageobjects.BasePage - Scrolling WebElement into view: [[ChromeDriver: chrome on windows (0696f8dbcfb0b9707603122c71a13906)] -> id: submit]
2025-07-27 15:23:42.378 [TestNG-test-Text Box Tests-1] INFO  com.automation.demo.pageobjects.BasePage - Waiting for WebElement to be clickable.
2025-07-27 15:23:42.470 [TestNG-test-Text Box Tests-1] INFO  com.automation.demo.pageobjects.BasePage - Clicking on WebElement using native click.
2025-07-27 15:23:42.618 [TestNG-test-Text Box Tests-1] INFO  com.automation.demo.pageobjects.BasePage - Waiting for WebElement to be visible.
2025-07-27 15:23:42.696 [TestNG-test-Text Box Tests-1] INFO  com.automation.demo.pageobjects.BasePage - Getting text from WebElement - Text: Name:John Doe
Email:john@example.com
Current Address :456 A St
Permananet Address :789 B Ave
2025-07-27 15:23:42.697 [TestNG-test-Text Box Tests-1] INFO  com.automation.demo.utils.TestListeners - Test Passed: testTextBoxForm
]]></system-out>
    <system-err><![CDATA[Jul 27, 2025 3:23:29 PM org.openqa.selenium.devtools.CdpVersionFinder findNearestMatch
WARNING: Unable to find CDP implementation matching 138
Jul 27, 2025 3:23:29 PM org.openqa.selenium.chromium.ChromiumDriver lambda$new$5
WARNING: Unable to find version of CDP to use for 138.0.7204.158. You may need to include a dependency on a specific version of the CDP using something similar to `org.seleniumhq.selenium:selenium-devtools-v86:4.22.0` where the version ("v86") matches the version of the chromium-based browser you're using and the version number of the artifact is the same as Selenium's.
]]></system-err>
  </testcase>
  <testcase name="testCheckBox" classname="com.automation.demo.tests.CheckBoxTest" time="26.083">
    <system-out><![CDATA[2025-07-27 15:23:22.226 [TestNG-test-Text Box Tests-1] INFO  com.automation.demo.tests.BaseTest - Test passed: testTextBoxForm
2025-07-27 15:23:22.227 [TestNG-test-Text Box Tests-1] INFO  com.automation.demo.tests.BaseTest - Closing the browser
2025-07-27 15:23:22.583 [TestNG-test-Text Box Tests-2] WARN  com.automation.demo.pageobjects.BasePage - Native click failed, attempting JavaScript click for WebElement: By.id: tree-node-home. Attempting JavaScript click.
2025-07-27 15:23:22.584 [TestNG-test-Text Box Tests-2] INFO  com.automation.demo.pageobjects.BasePage - Finding WebElement robustly: By.id: tree-node-home
2025-07-27 15:23:22.701 [TestNG-test-Text Box Tests-2] INFO  com.automation.demo.pageobjects.BasePage - Scrolling WebElement into view using JavaScript: [[ChromeDriver: chrome on windows (db2988a35107219e3cd3e06d2d41bce9)] -> id: tree-node-home]
2025-07-27 15:23:22.774 [TestNG-test-Text Box Tests-2] INFO  com.automation.demo.pageobjects.BasePage - WebElement scrolled into view.
2025-07-27 15:23:22.776 [TestNG-test-Text Box Tests-2] INFO  com.automation.demo.pageobjects.BasePage - Performing JavaScript click on WebElement after fallback logic: [[ChromeDriver: chrome on windows (db2988a35107219e3cd3e06d2d41bce9)] -> id: tree-node-home]
2025-07-27 15:23:22.908 [TestNG-test-Text Box Tests-2] INFO  com.automation.demo.pageobjects.BasePage - JavaScript click successful on WebElement via fallback on: By.id: tree-node-home
2025-07-27 15:23:22.910 [TestNG-test-Text Box Tests-2] INFO  com.automation.demo.pageobjects.CheckBoxPage - Getting text from Home CheckBox.
2025-07-27 15:23:22.911 [TestNG-test-Text Box Tests-2] INFO  com.automation.demo.pageobjects.BasePage - Waiting for WebElement to be visible.
2025-07-27 15:23:23.218 [TestNG-test-Text Box Tests-2] INFO  com.automation.demo.pageobjects.BasePage - Getting text from WebElement - Text: You have selected :
home
desktop
notes
commands
documents
workspace
react
angular
veu
office
public
private
classified
general
downloads
wordFile
excelFile
2025-07-27 15:23:23.219 [TestNG-test-Text Box Tests-2] INFO  com.automation.demo.pageobjects.CheckBoxPage - Getting text from Home CheckBox.
2025-07-27 15:23:23.219 [TestNG-test-Text Box Tests-2] INFO  com.automation.demo.pageobjects.BasePage - Waiting for WebElement to be visible.
2025-07-27 15:23:23.402 [TestNG-test-Text Box Tests-2] INFO  com.automation.demo.pageobjects.BasePage - Getting text from WebElement - Text: You have selected :
home
desktop
notes
commands
documents
workspace
react
angular
veu
office
public
private
classified
general
downloads
wordFile
excelFile
2025-07-27 15:23:23.405 [TestNG-test-Text Box Tests-2] INFO  com.automation.demo.utils.TestListeners - Test Passed: testCheckBox
]]></system-out>
  </testcase>
</testsuite>