<?xml version="1.0" encoding="UTF-8"?>
<testsuite xmlns:xsi="http://www.w3.org/2001/XMLSchema-instance" xsi:noNamespaceSchemaLocation="https://maven.apache.org/surefire/maven-surefire-plugin/xsd/surefire-test-report-3.0.xsd" version="3.0" name="TestSuite" time="29.557" tests="2" errors="0" skipped="0" failures="0">
  <properties>
    <property name="surefire.suiteXmlFiles" value="src/test/resources/testng/regression_suite.xml"/>
    <property name="java.specification.version" value="21"/>
    <property name="sun.cpu.isalist" value="amd64"/>
    <property name="sun.jnu.encoding" value="Cp1252"/>
    <property name="java.class.path" value="C:\Users\ujjawalverma\SeleniumDemo\target\test-classes;C:\Users\ujjawalverma\SeleniumDemo\target\classes;C:\Users\ujjawalverma\.m2\repository\org\seleniumhq\selenium\selenium-java\4.22.0\selenium-java-4.22.0.jar;C:\Users\ujjawalverma\.m2\repository\org\seleniumhq\selenium\selenium-api\4.22.0\selenium-api-4.22.0.jar;C:\Users\ujjawalverma\.m2\repository\org\seleniumhq\selenium\selenium-chrome-driver\4.22.0\selenium-chrome-driver-4.22.0.jar;C:\Users\ujjawalverma\.m2\repository\com\google\auto\service\auto-service-annotations\1.1.1\auto-service-annotations-1.1.1.jar;C:\Users\ujjawalverma\.m2\repository\org\seleniumhq\selenium\selenium-chromium-driver\4.22.0\selenium-chromium-driver-4.22.0.jar;C:\Users\ujjawalverma\.m2\repository\org\seleniumhq\selenium\selenium-json\4.22.0\selenium-json-4.22.0.jar;C:\Users\ujjawalverma\.m2\repository\org\seleniumhq\selenium\selenium-manager\4.22.0\selenium-manager-4.22.0.jar;C:\Users\ujjawalverma\.m2\repository\org\seleniumhq\selenium\selenium-devtools-v124\4.22.0\selenium-devtools-v124-4.22.0.jar;C:\Users\ujjawalverma\.m2\repository\org\seleniumhq\selenium\selenium-devtools-v125\4.22.0\selenium-devtools-v125-4.22.0.jar;C:\Users\ujjawalverma\.m2\repository\org\seleniumhq\selenium\selenium-devtools-v126\4.22.0\selenium-devtools-v126-4.22.0.jar;C:\Users\ujjawalverma\.m2\repository\org\seleniumhq\selenium\selenium-devtools-v85\4.22.0\selenium-devtools-v85-4.22.0.jar;C:\Users\ujjawalverma\.m2\repository\org\seleniumhq\selenium\selenium-edge-driver\4.22.0\selenium-edge-driver-4.22.0.jar;C:\Users\ujjawalverma\.m2\repository\org\seleniumhq\selenium\selenium-firefox-driver\4.22.0\selenium-firefox-driver-4.22.0.jar;C:\Users\ujjawalverma\.m2\repository\org\seleniumhq\selenium\selenium-http\4.22.0\selenium-http-4.22.0.jar;C:\Users\ujjawalverma\.m2\repository\dev\failsafe\failsafe\3.3.2\failsafe-3.3.2.jar;C:\Users\ujjawalverma\.m2\repository\org\seleniumhq\selenium\selenium-ie-driver\4.22.0\selenium-ie-driver-4.22.0.jar;C:\Users\ujjawalverma\.m2\repository\org\seleniumhq\selenium\selenium-remote-driver\4.22.0\selenium-remote-driver-4.22.0.jar;C:\Users\ujjawalverma\.m2\repository\com\google\guava\guava\33.2.1-jre\guava-33.2.1-jre.jar;C:\Users\ujjawalverma\.m2\repository\com\google\guava\failureaccess\1.0.2\failureaccess-1.0.2.jar;C:\Users\ujjawalverma\.m2\repository\com\google\guava\listenablefuture\9999.0-empty-to-avoid-conflict-with-guava\listenablefuture-9999.0-empty-to-avoid-conflict-with-guava.jar;C:\Users\ujjawalverma\.m2\repository\com\google\code\findbugs\jsr305\3.0.2\jsr305-3.0.2.jar;C:\Users\ujjawalverma\.m2\repository\org\checkerframework\checker-qual\3.42.0\checker-qual-3.42.0.jar;C:\Users\ujjawalverma\.m2\repository\com\google\errorprone\error_prone_annotations\2.26.1\error_prone_annotations-2.26.1.jar;C:\Users\ujjawalverma\.m2\repository\com\google\j2objc\j2objc-annotations\3.0.0\j2objc-annotations-3.0.0.jar;C:\Users\ujjawalverma\.m2\repository\io\opentelemetry\semconv\opentelemetry-semconv\1.25.0-alpha\opentelemetry-semconv-1.25.0-alpha.jar;C:\Users\ujjawalverma\.m2\repository\io\opentelemetry\opentelemetry-api\1.39.0\opentelemetry-api-1.39.0.jar;C:\Users\ujjawalverma\.m2\repository\io\opentelemetry\opentelemetry-context\1.39.0\opentelemetry-context-1.39.0.jar;C:\Users\ujjawalverma\.m2\repository\io\opentelemetry\opentelemetry-exporter-logging\1.39.0\opentelemetry-exporter-logging-1.39.0.jar;C:\Users\ujjawalverma\.m2\repository\io\opentelemetry\opentelemetry-sdk-common\1.39.0\opentelemetry-sdk-common-1.39.0.jar;C:\Users\ujjawalverma\.m2\repository\io\opentelemetry\opentelemetry-sdk-extension-autoconfigure-spi\1.39.0\opentelemetry-sdk-extension-autoconfigure-spi-1.39.0.jar;C:\Users\ujjawalverma\.m2\repository\io\opentelemetry\opentelemetry-sdk-extension-autoconfigure\1.39.0\opentelemetry-sdk-extension-autoconfigure-1.39.0.jar;C:\Users\ujjawalverma\.m2\repository\io\opentelemetry\opentelemetry-api-incubator\1.39.0-alpha\opentelemetry-api-incubator-1.39.0-alpha.jar;C:\Users\ujjawalverma\.m2\repository\io\opentelemetry\opentelemetry-sdk-trace\1.39.0\opentelemetry-sdk-trace-1.39.0.jar;C:\Users\ujjawalverma\.m2\repository\io\opentelemetry\opentelemetry-sdk\1.39.0\opentelemetry-sdk-1.39.0.jar;C:\Users\ujjawalverma\.m2\repository\io\opentelemetry\opentelemetry-sdk-metrics\1.39.0\opentelemetry-sdk-metrics-1.39.0.jar;C:\Users\ujjawalverma\.m2\repository\io\opentelemetry\opentelemetry-sdk-logs\1.39.0\opentelemetry-sdk-logs-1.39.0.jar;C:\Users\ujjawalverma\.m2\repository\net\bytebuddy\byte-buddy\1.14.17\byte-buddy-1.14.17.jar;C:\Users\ujjawalverma\.m2\repository\org\seleniumhq\selenium\selenium-os\4.22.0\selenium-os-4.22.0.jar;C:\Users\ujjawalverma\.m2\repository\org\apache\commons\commons-exec\1.4.0\commons-exec-1.4.0.jar;C:\Users\ujjawalverma\.m2\repository\org\seleniumhq\selenium\selenium-safari-driver\4.22.0\selenium-safari-driver-4.22.0.jar;C:\Users\ujjawalverma\.m2\repository\org\seleniumhq\selenium\selenium-support\4.22.0\selenium-support-4.22.0.jar;C:\Users\ujjawalverma\.m2\repository\org\testng\testng\7.10.1\testng-7.10.1.jar;C:\Users\ujjawalverma\.m2\repository\org\slf4j\slf4j-api\1.7.36\slf4j-api-1.7.36.jar;C:\Users\ujjawalverma\.m2\repository\com\beust\jcommander\1.82\jcommander-1.82.jar;C:\Users\ujjawalverma\.m2\repository\org\webjars\jquery\3.7.1\jquery-3.7.1.jar;C:\Users\ujjawalverma\.m2\repository\org\apache\logging\log4j\log4j-core\2.20.0\log4j-core-2.20.0.jar;C:\Users\ujjawalverma\.m2\repository\org\apache\logging\log4j\log4j-api\2.20.0\log4j-api-2.20.0.jar;"/>
    <property name="java.vm.vendor" value="Eclipse Adoptium"/>
    <property name="sun.arch.data.model" value="64"/>
    <property name="user.variant" value=""/>
    <property name="java.vendor.url" value="https://adoptium.net/"/>
    <property name="user.timezone" value="Asia/Calcutta"/>
    <property name="os.name" value="Windows 11"/>
    <property name="java.vm.specification.version" value="21"/>
    <property name="sun.java.launcher" value="SUN_STANDARD"/>
    <property name="user.country" value="IN"/>
    <property name="sun.boot.library.path" value="C:\Users\ujjawalverma\AppData\Local\Programs\Eclipse Adoptium\jdk-21.0.7.6-hotspot\bin"/>
    <property name="sun.java.command" value="C:\Users\ujjawalverma\AppData\Local\Temp\surefire507454700168144525\surefirebooter-20250721173843495_3.jar C:\Users\ujjawalverma\AppData\Local\Temp\surefire507454700168144525 2025-07-21T17-38-42_923-jvmRun1 surefire-20250721173843495_1tmp surefire_0-20250721173843495_2tmp"/>
    <property name="jdk.debug" value="release"/>
    <property name="surefire.test.class.path" value="C:\Users\ujjawalverma\SeleniumDemo\target\test-classes;C:\Users\ujjawalverma\SeleniumDemo\target\classes;C:\Users\ujjawalverma\.m2\repository\org\seleniumhq\selenium\selenium-java\4.22.0\selenium-java-4.22.0.jar;C:\Users\ujjawalverma\.m2\repository\org\seleniumhq\selenium\selenium-api\4.22.0\selenium-api-4.22.0.jar;C:\Users\ujjawalverma\.m2\repository\org\seleniumhq\selenium\selenium-chrome-driver\4.22.0\selenium-chrome-driver-4.22.0.jar;C:\Users\ujjawalverma\.m2\repository\com\google\auto\service\auto-service-annotations\1.1.1\auto-service-annotations-1.1.1.jar;C:\Users\ujjawalverma\.m2\repository\org\seleniumhq\selenium\selenium-chromium-driver\4.22.0\selenium-chromium-driver-4.22.0.jar;C:\Users\ujjawalverma\.m2\repository\org\seleniumhq\selenium\selenium-json\4.22.0\selenium-json-4.22.0.jar;C:\Users\ujjawalverma\.m2\repository\org\seleniumhq\selenium\selenium-manager\4.22.0\selenium-manager-4.22.0.jar;C:\Users\ujjawalverma\.m2\repository\org\seleniumhq\selenium\selenium-devtools-v124\4.22.0\selenium-devtools-v124-4.22.0.jar;C:\Users\ujjawalverma\.m2\repository\org\seleniumhq\selenium\selenium-devtools-v125\4.22.0\selenium-devtools-v125-4.22.0.jar;C:\Users\ujjawalverma\.m2\repository\org\seleniumhq\selenium\selenium-devtools-v126\4.22.0\selenium-devtools-v126-4.22.0.jar;C:\Users\ujjawalverma\.m2\repository\org\seleniumhq\selenium\selenium-devtools-v85\4.22.0\selenium-devtools-v85-4.22.0.jar;C:\Users\ujjawalverma\.m2\repository\org\seleniumhq\selenium\selenium-edge-driver\4.22.0\selenium-edge-driver-4.22.0.jar;C:\Users\ujjawalverma\.m2\repository\org\seleniumhq\selenium\selenium-firefox-driver\4.22.0\selenium-firefox-driver-4.22.0.jar;C:\Users\ujjawalverma\.m2\repository\org\seleniumhq\selenium\selenium-http\4.22.0\selenium-http-4.22.0.jar;C:\Users\ujjawalverma\.m2\repository\dev\failsafe\failsafe\3.3.2\failsafe-3.3.2.jar;C:\Users\ujjawalverma\.m2\repository\org\seleniumhq\selenium\selenium-ie-driver\4.22.0\selenium-ie-driver-4.22.0.jar;C:\Users\ujjawalverma\.m2\repository\org\seleniumhq\selenium\selenium-remote-driver\4.22.0\selenium-remote-driver-4.22.0.jar;C:\Users\ujjawalverma\.m2\repository\com\google\guava\guava\33.2.1-jre\guava-33.2.1-jre.jar;C:\Users\ujjawalverma\.m2\repository\com\google\guava\failureaccess\1.0.2\failureaccess-1.0.2.jar;C:\Users\ujjawalverma\.m2\repository\com\google\guava\listenablefuture\9999.0-empty-to-avoid-conflict-with-guava\listenablefuture-9999.0-empty-to-avoid-conflict-with-guava.jar;C:\Users\ujjawalverma\.m2\repository\com\google\code\findbugs\jsr305\3.0.2\jsr305-3.0.2.jar;C:\Users\ujjawalverma\.m2\repository\org\checkerframework\checker-qual\3.42.0\checker-qual-3.42.0.jar;C:\Users\ujjawalverma\.m2\repository\com\google\errorprone\error_prone_annotations\2.26.1\error_prone_annotations-2.26.1.jar;C:\Users\ujjawalverma\.m2\repository\com\google\j2objc\j2objc-annotations\3.0.0\j2objc-annotations-3.0.0.jar;C:\Users\ujjawalverma\.m2\repository\io\opentelemetry\semconv\opentelemetry-semconv\1.25.0-alpha\opentelemetry-semconv-1.25.0-alpha.jar;C:\Users\ujjawalverma\.m2\repository\io\opentelemetry\opentelemetry-api\1.39.0\opentelemetry-api-1.39.0.jar;C:\Users\ujjawalverma\.m2\repository\io\opentelemetry\opentelemetry-context\1.39.0\opentelemetry-context-1.39.0.jar;C:\Users\ujjawalverma\.m2\repository\io\opentelemetry\opentelemetry-exporter-logging\1.39.0\opentelemetry-exporter-logging-1.39.0.jar;C:\Users\ujjawalverma\.m2\repository\io\opentelemetry\opentelemetry-sdk-common\1.39.0\opentelemetry-sdk-common-1.39.0.jar;C:\Users\ujjawalverma\.m2\repository\io\opentelemetry\opentelemetry-sdk-extension-autoconfigure-spi\1.39.0\opentelemetry-sdk-extension-autoconfigure-spi-1.39.0.jar;C:\Users\ujjawalverma\.m2\repository\io\opentelemetry\opentelemetry-sdk-extension-autoconfigure\1.39.0\opentelemetry-sdk-extension-autoconfigure-1.39.0.jar;C:\Users\ujjawalverma\.m2\repository\io\opentelemetry\opentelemetry-api-incubator\1.39.0-alpha\opentelemetry-api-incubator-1.39.0-alpha.jar;C:\Users\ujjawalverma\.m2\repository\io\opentelemetry\opentelemetry-sdk-trace\1.39.0\opentelemetry-sdk-trace-1.39.0.jar;C:\Users\ujjawalverma\.m2\repository\io\opentelemetry\opentelemetry-sdk\1.39.0\opentelemetry-sdk-1.39.0.jar;C:\Users\ujjawalverma\.m2\repository\io\opentelemetry\opentelemetry-sdk-metrics\1.39.0\opentelemetry-sdk-metrics-1.39.0.jar;C:\Users\ujjawalverma\.m2\repository\io\opentelemetry\opentelemetry-sdk-logs\1.39.0\opentelemetry-sdk-logs-1.39.0.jar;C:\Users\ujjawalverma\.m2\repository\net\bytebuddy\byte-buddy\1.14.17\byte-buddy-1.14.17.jar;C:\Users\ujjawalverma\.m2\repository\org\seleniumhq\selenium\selenium-os\4.22.0\selenium-os-4.22.0.jar;C:\Users\ujjawalverma\.m2\repository\org\apache\commons\commons-exec\1.4.0\commons-exec-1.4.0.jar;C:\Users\ujjawalverma\.m2\repository\org\seleniumhq\selenium\selenium-safari-driver\4.22.0\selenium-safari-driver-4.22.0.jar;C:\Users\ujjawalverma\.m2\repository\org\seleniumhq\selenium\selenium-support\4.22.0\selenium-support-4.22.0.jar;C:\Users\ujjawalverma\.m2\repository\org\testng\testng\7.10.1\testng-7.10.1.jar;C:\Users\ujjawalverma\.m2\repository\org\slf4j\slf4j-api\1.7.36\slf4j-api-1.7.36.jar;C:\Users\ujjawalverma\.m2\repository\com\beust\jcommander\1.82\jcommander-1.82.jar;C:\Users\ujjawalverma\.m2\repository\org\webjars\jquery\3.7.1\jquery-3.7.1.jar;C:\Users\ujjawalverma\.m2\repository\org\apache\logging\log4j\log4j-core\2.20.0\log4j-core-2.20.0.jar;C:\Users\ujjawalverma\.m2\repository\org\apache\logging\log4j\log4j-api\2.20.0\log4j-api-2.20.0.jar;"/>
    <property name="sun.cpu.endian" value="little"/>
    <property name="user.home" value="C:\Users\ujjawalverma"/>
    <property name="user.language" value="en"/>
    <property name="java.specification.vendor" value="Oracle Corporation"/>
    <property name="java.version.date" value="2025-04-15"/>
    <property name="java.home" value="C:\Users\ujjawalverma\AppData\Local\Programs\Eclipse Adoptium\jdk-21.0.7.6-hotspot"/>
    <property name="file.separator" value="\"/>
    <property name="basedir" value="C:\Users\ujjawalverma\SeleniumDemo"/>
    <property name="java.vm.compressedOopsMode" value="Zero based"/>
    <property name="line.separator" value="&#10;"/>
    <property name="java.vm.specification.vendor" value="Oracle Corporation"/>
    <property name="java.specification.name" value="Java Platform API Specification"/>
    <property name="surefire.real.class.path" value="C:\Users\ujjawalverma\AppData\Local\Temp\surefire507454700168144525\surefirebooter-20250721173843495_3.jar"/>
    <property name="user.script" value=""/>
    <property name="sun.management.compiler" value="HotSpot 64-Bit Tiered Compilers"/>
    <property name="java.runtime.version" value="21.0.7+6-LTS"/>
    <property name="user.name" value="ujjawalverma"/>
    <property name="stdout.encoding" value="Cp1252"/>
    <property name="path.separator" value=";"/>
    <property name="os.version" value="10.0"/>
    <property name="java.runtime.name" value="OpenJDK Runtime Environment"/>
    <property name="file.encoding" value="UTF-8"/>
    <property name="java.vm.name" value="OpenJDK 64-Bit Server VM"/>
    <property name="java.vendor.version" value="Temurin-21.0.7+6"/>
    <property name="localRepository" value="C:\Users\ujjawalverma\.m2\repository"/>
    <property name="java.vendor.url.bug" value="https://github.com/adoptium/adoptium-support/issues"/>
    <property name="java.io.tmpdir" value="C:\Users\UJJAWA~1\AppData\Local\Temp\"/>
    <property name="java.version" value="21.0.7"/>
    <property name="user.dir" value="C:\Users\ujjawalverma\SeleniumDemo"/>
    <property name="os.arch" value="amd64"/>
    <property name="java.vm.specification.name" value="Java Virtual Machine Specification"/>
    <property name="sun.os.patch.level" value=""/>
    <property name="native.encoding" value="Cp1252"/>
    <property name="java.library.path" value="C:\Users\ujjawalverma\AppData\Local\Programs\Eclipse Adoptium\jdk-21.0.7.6-hotspot\bin;C:\WINDOWS\Sun\Java\bin;C:\WINDOWS\system32;C:\WINDOWS;C:\WINDOWS\system32;C:\WINDOWS;C:\WINDOWS\System32\Wbem;C:\WINDOWS\System32\WindowsPowerShell\v1.0\;C:\WINDOWS\System32\OpenSSH\;C:\Program Files\dotnet\;C:\Program Files\Git\cmd;C:\Program Files\TortoiseSVN\bin;C:\Users\ujjawalverma\AppData\Roaming\npm;C:\Program Files\nodejs\;C:\Users\ujjawalverma\AppData\Local\Programs\Python\Python313\Scripts;C:\Users\ujjawalverma\AppData\Local\Programs\Python\Python313;C:\Program Files\Microsoft VS Code\bin;C:\Users\ujjawalverma\AppData\Local\Programs\Python\Python313\Scripts\;C:\Users\ujjawalverma\AppData\Local\Programs\Python\Python313\;C:\Users\ujjawalverma\AppData\Local\Programs\Eclipse Adoptium\jdk-21.0.7.6-hotspot\bin;C:\Users\ujjawalverma\AppData\Local\Microsoft\WindowsApps;C:\Users\ujjawalverma\AppData\Local\Programs\Microsoft VS Code\bin;C:\Users\ujjawalverma\Downloads\apache-maven-3.9.9-bin\apache-maven-3.9.9\bin;C:\Users\ujjawalverma\AppData\Local\Programs\Ollama;."/>
    <property name="java.vm.info" value="mixed mode, sharing"/>
    <property name="stderr.encoding" value="Cp1252"/>
    <property name="java.vendor" value="Eclipse Adoptium"/>
    <property name="java.vm.version" value="21.0.7+6-LTS"/>
    <property name="sun.io.unicode.encoding" value="UnicodeLittle"/>
    <property name="java.class.version" value="65.0"/>
  </properties>
  <testcase name="testTextBoxForm[Ujjawal Verma, ujjawal@example.com, 123 Test Lane, 456 Automation St](1)" classname="com.automation.demo.tests.TextBoxFormTest" time="10.671">
    <system-out><![CDATA[2025-07-21 17:38:47.285 [TestNG-test-Text Box Tests-1] DEBUG com.automation.demo.tests.BaseTest - Browser selected from TestNG XML/Maven parameter: chrome
2025-07-21 17:38:47.313 [TestNG-test-Text Box Tests-1] INFO  com.automation.demo.utils.DriverFactory - chrome browser is selected for execution
2025-07-21 17:38:50.810 [TestNG-test-Text Box Tests-1] INFO  com.automation.demo.tests.BaseTest - Webdriver initialized for browser: chrome
Browser opened in thread: 35
Navigated to: https://demoqa.com/text-box
2025-07-21 17:38:58.256 [TestNG-test-Text Box Tests-1] INFO  com.automation.demo.utils.ConfigReader - Successfully loaded configuration from: config.properties
2025-07-21 17:38:58.257 [TestNG-test-Text Box Tests-1] DEBUG com.automation.demo.pageobjects.BasePage - BasePage initialized with WebDriverWait for 10 seconds.
2025-07-21 17:38:58.260 [TestNG-test-Text Box Tests-1] DEBUG com.automation.demo.pageobjects.TextBoxPage - TextBoxPage initialized with WebDriver.
2025-07-21 17:38:58.262 [TestNG-test-Text Box Tests-1] INFO  com.automation.demo.pageobjects.BasePage - Waiting for element to be visible: By.id: userName
2025-07-21 17:38:58.372 [TestNG-test-Text Box Tests-1] INFO  com.automation.demo.pageobjects.BasePage - Entering text 'Ujjawal Verma' into element: By.id: userName
2025-07-21 17:38:58.734 [TestNG-test-Text Box Tests-1] INFO  com.automation.demo.pageobjects.TextBoxPage - Entering email: ujjawal@example.com
2025-07-21 17:38:58.734 [TestNG-test-Text Box Tests-1] INFO  com.automation.demo.pageobjects.BasePage - Waiting for element to be visible: By.id: userEmail
2025-07-21 17:38:58.812 [TestNG-test-Text Box Tests-1] INFO  com.automation.demo.pageobjects.BasePage - Entering text 'ujjawal@example.com' into element: By.id: userEmail
2025-07-21 17:38:59.110 [TestNG-test-Text Box Tests-1] INFO  com.automation.demo.pageobjects.BasePage - Waiting for element to be visible: By.id: currentAddress
2025-07-21 17:38:59.290 [TestNG-test-Text Box Tests-1] INFO  com.automation.demo.pageobjects.BasePage - Entering text '123 Test Lane' into element: By.id: currentAddress
2025-07-21 17:39:00.268 [TestNG-test-Text Box Tests-1] INFO  com.automation.demo.pageobjects.BasePage - Waiting for element to be visible: By.id: permanentAddress
2025-07-21 17:39:00.333 [TestNG-test-Text Box Tests-1] INFO  com.automation.demo.pageobjects.BasePage - Entering text '456 Automation St' into element: By.id: permanentAddress
2025-07-21 17:39:00.692 [TestNG-test-Text Box Tests-1] INFO  com.automation.demo.pageobjects.BasePage - Waiting for element to be visible: By.id: submit
2025-07-21 17:39:00.903 [TestNG-test-Text Box Tests-1] INFO  com.automation.demo.pageobjects.BasePage - Scrolling into view for element: By.id: submit
2025-07-21 17:39:00.945 [TestNG-test-Text Box Tests-1] INFO  com.automation.demo.pageobjects.BasePage - Waiting for element to be clickable: By.id: submit
2025-07-21 17:39:01.052 [TestNG-test-Text Box Tests-1] INFO  com.automation.demo.pageobjects.BasePage - Clicking on element: By.id: submit
2025-07-21 17:39:01.365 [TestNG-test-Text Box Tests-1] INFO  com.automation.demo.pageobjects.BasePage - Waiting for element to be visible: By.id: output
2025-07-21 17:39:01.477 [TestNG-test-Text Box Tests-1] INFO  com.automation.demo.pageobjects.BasePage - Getting text from element: By.id: output - Text: Name:Ujjawal Verma
Email:ujjawal@example.com
Current Address :123 Test Lane
Permananet Address :456 Automation St
]]></system-out>
    <system-err><![CDATA[SLF4J: Failed to load class "org.slf4j.impl.StaticLoggerBinder".
SLF4J: Defaulting to no-operation (NOP) logger implementation
SLF4J: See http://www.slf4j.org/codes.html#StaticLoggerBinder for further details.
Jul 21, 2025 5:38:50 PM org.openqa.selenium.devtools.CdpVersionFinder findNearestMatch
WARNING: Unable to find CDP implementation matching 138
Jul 21, 2025 5:38:50 PM org.openqa.selenium.chromium.ChromiumDriver lambda$new$5
WARNING: Unable to find version of CDP to use for 138.0.7204.158. You may need to include a dependency on a specific version of the CDP using something similar to `org.seleniumhq.selenium:selenium-devtools-v86:4.22.0` where the version ("v86") matches the version of the chromium-based browser you're using and the version number of the artifact is the same as Selenium's.
]]></system-err>
  </testcase>
  <testcase name="testTextBoxForm[John Doe, john@example.com, 456 A St, 789 B Ave](2)" classname="com.automation.demo.tests.TextBoxFormTest" time="8.1">
    <system-out><![CDATA[2025-07-21 17:39:01.494 [TestNG-test-Text Box Tests-1] INFO  com.automation.demo.tests.BaseTest - Closing the browser
2025-07-21 17:39:03.048 [TestNG-test-Text Box Tests-1] INFO  com.automation.demo.tests.BaseTest - Browser closed and driver unloaded
Teardown finished in thread: 35
2025-07-21 17:39:03.053 [TestNG-test-Text Box Tests-1] DEBUG com.automation.demo.tests.BaseTest - Browser selected from TestNG XML/Maven parameter: chrome
2025-07-21 17:39:03.053 [TestNG-test-Text Box Tests-1] INFO  com.automation.demo.utils.DriverFactory - chrome browser is selected for execution
2025-07-21 17:39:05.414 [TestNG-test-Text Box Tests-1] INFO  com.automation.demo.tests.BaseTest - Webdriver initialized for browser: chrome
Browser opened in thread: 35
Navigated to: https://demoqa.com/text-box
2025-07-21 17:39:10.414 [TestNG-test-Text Box Tests-1] DEBUG com.automation.demo.pageobjects.BasePage - BasePage initialized with WebDriverWait for 10 seconds.
2025-07-21 17:39:10.415 [TestNG-test-Text Box Tests-1] DEBUG com.automation.demo.pageobjects.TextBoxPage - TextBoxPage initialized with WebDriver.
2025-07-21 17:39:10.417 [TestNG-test-Text Box Tests-1] INFO  com.automation.demo.pageobjects.BasePage - Waiting for element to be visible: By.id: userName
2025-07-21 17:39:10.503 [TestNG-test-Text Box Tests-1] INFO  com.automation.demo.pageobjects.BasePage - Entering text 'John Doe' into element: By.id: userName
2025-07-21 17:39:11.009 [TestNG-test-Text Box Tests-1] INFO  com.automation.demo.pageobjects.TextBoxPage - Entering email: john@example.com
2025-07-21 17:39:11.009 [TestNG-test-Text Box Tests-1] INFO  com.automation.demo.pageobjects.BasePage - Waiting for element to be visible: By.id: userEmail
2025-07-21 17:39:11.090 [TestNG-test-Text Box Tests-1] INFO  com.automation.demo.pageobjects.BasePage - Entering text 'john@example.com' into element: By.id: userEmail
2025-07-21 17:39:11.802 [TestNG-test-Text Box Tests-1] INFO  com.automation.demo.pageobjects.BasePage - Waiting for element to be visible: By.id: currentAddress
2025-07-21 17:39:11.873 [TestNG-test-Text Box Tests-1] INFO  com.automation.demo.pageobjects.BasePage - Entering text '456 A St' into element: By.id: currentAddress
2025-07-21 17:39:12.291 [TestNG-test-Text Box Tests-1] INFO  com.automation.demo.pageobjects.BasePage - Waiting for element to be visible: By.id: permanentAddress
2025-07-21 17:39:12.378 [TestNG-test-Text Box Tests-1] INFO  com.automation.demo.pageobjects.BasePage - Entering text '789 B Ave' into element: By.id: permanentAddress
2025-07-21 17:39:12.763 [TestNG-test-Text Box Tests-1] INFO  com.automation.demo.pageobjects.BasePage - Waiting for element to be visible: By.id: submit
2025-07-21 17:39:12.874 [TestNG-test-Text Box Tests-1] INFO  com.automation.demo.pageobjects.BasePage - Scrolling into view for element: By.id: submit
2025-07-21 17:39:12.912 [TestNG-test-Text Box Tests-1] INFO  com.automation.demo.pageobjects.BasePage - Waiting for element to be clickable: By.id: submit
2025-07-21 17:39:13.010 [TestNG-test-Text Box Tests-1] INFO  com.automation.demo.pageobjects.BasePage - Clicking on element: By.id: submit
2025-07-21 17:39:13.390 [TestNG-test-Text Box Tests-1] INFO  com.automation.demo.pageobjects.BasePage - Waiting for element to be visible: By.id: output
2025-07-21 17:39:13.525 [TestNG-test-Text Box Tests-1] INFO  com.automation.demo.pageobjects.BasePage - Getting text from element: By.id: output - Text: Name:John Doe
Email:john@example.com
Current Address :456 A St
Permananet Address :789 B Ave
]]></system-out>
    <system-err><![CDATA[Jul 21, 2025 5:39:05 PM org.openqa.selenium.devtools.CdpVersionFinder findNearestMatch
WARNING: Unable to find CDP implementation matching 138
Jul 21, 2025 5:39:05 PM org.openqa.selenium.chromium.ChromiumDriver lambda$new$5
WARNING: Unable to find version of CDP to use for 138.0.7204.158. You may need to include a dependency on a specific version of the CDP using something similar to `org.seleniumhq.selenium:selenium-devtools-v86:4.22.0` where the version ("v86") matches the version of the chromium-based browser you're using and the version number of the artifact is the same as Selenium's.
]]></system-err>
  </testcase>
</testsuite>