<?xml version="1.0" encoding="UTF-8"?>
<!-- Generated by org.testng.reporters.JUnitReportReporter -->
<testsuite hostname="IN-81DJX14" failures="0" tests="1" name="com.automation.demo.tests.CheckBoxTest" time="36.697" errors="0" timestamp="2025-07-27T15:23:43 IST" skipped="0">
  <testcase classname="com.automation.demo.tests.CheckBoxTest" name="testCheckBox" time="36.697"/>
</testsuite> <!-- com.automation.demo.tests.CheckBoxTest -->
