<?xml version="1.0" encoding="UTF-8"?>
<!-- Generated by org.testng.reporters.JUnitReportReporter -->
<testsuite hostname="IN-81DJX14" failures="0" tests="2" name="com.automation.demo.ui.tests.TextBoxFormTest" time="50.411" errors="0" timestamp="2025-07-27T17:16:48 IST" skipped="0">
  <testcase classname="com.automation.demo.ui.tests.TextBoxFormTest" name="testTextBoxForm" time="29.432"/>
  <testcase classname="com.automation.demo.ui.tests.TextBoxFormTest" name="testTextBoxForm" time="20.979"/>
</testsuite> <!-- com.automation.demo.ui.tests.TextBoxFormTest -->
