<?xml version="1.0" encoding="UTF-8"?>
<!-- Generated by org.testng.reporters.JUnitReportReporter -->
<testsuite hostname="IN-81DJX14" failures="0" tests="6" name="com.automation.demo.tests.TextBoxFormTest" time="92.921" errors="0" timestamp="2025-07-24T22:45:16 IST" skipped="0">
  <testcase classname="com.automation.demo.tests.TextBoxFormTest" name="testTextBoxForm" time="11.275"/>
  <testcase classname="com.automation.demo.tests.TextBoxFormTest" name="testTextBoxForm" time="10.416"/>
  <testcase classname="com.automation.demo.tests.TextBoxFormTest" name="testTextBoxForm" time="14.118"/>
  <testcase classname="com.automation.demo.tests.TextBoxFormTest" name="testTextBoxForm" time="24.954"/>
  <testcase classname="com.automation.demo.tests.TextBoxFormTest" name="testTextBoxForm" time="16.623"/>
  <testcase classname="com.automation.demo.tests.TextBoxFormTest" name="testTextBoxForm" time="15.535"/>
</testsuite> <!-- com.automation.demo.tests.TextBoxFormTest -->
