<?xml version="1.0" encoding="UTF-8"?>
<!-- Generated by org.testng.reporters.JUnitReportReporter -->
<testsuite hostname="IN-81DJX14" failures="0" tests="2" name="com.automation.demo.tests.TextBoxFormTest" time="28.132" errors="0" timestamp="2025-07-21T17:39:15 IST" skipped="0">
  <testcase classname="com.automation.demo.tests.TextBoxFormTest" name="testTextBoxForm" time="14.594"/>
  <testcase classname="com.automation.demo.tests.TextBoxFormTest" name="testTextBoxForm" time="13.538"/>
</testsuite> <!-- com.automation.demo.tests.TextBoxFormTest -->
