<?xml version="1.0" encoding="UTF-8"?>
<!-- Generated by org.testng.reporters.JUnitReportReporter -->
<testsuite hostname="IN-81DJX14" failures="0" tests="2" name="com.automation.demo.tests.TextBoxFormTest" time="46.817" errors="0" timestamp="2025-07-20T11:33:52 IST" skipped="0">
  <testcase classname="com.automation.demo.tests.TextBoxFormTest" name="testTextBoxForm" time="15.491"/>
  <testcase classname="com.automation.demo.tests.TextBoxFormTest" name="testTextBoxForm" time="31.326"/>
</testsuite> <!-- com.automation.demo.tests.TextBoxFormTest -->
