<?xml version="1.0" encoding="UTF-8"?>
<!-- Generated by org.testng.reporters.JUnitReportReporter -->
<testsuite hostname="IN-81DJX14" failures="0" tests="1" name="com.automation.demo.ui.tests.CheckBoxTest" time="39.170" errors="0" timestamp="2025-07-27T17:16:48 IST" skipped="0">
  <testcase classname="com.automation.demo.ui.tests.CheckBoxTest" name="testCheckBox" time="39.170"/>
</testsuite> <!-- com.automation.demo.ui.tests.CheckBoxTest -->
