<?xml version="1.0" encoding="UTF-8"?>
<!-- Generated by org.testng.reporters.JUnitReportReporter -->
<testsuite hostname="IN-81DJX14" failures="0" tests="2" name="com.automation.demo.tests.TextBoxFormTest" time="34.647" errors="0" timestamp="2025-07-19T15:54:44 IST" skipped="0">
  <testcase classname="com.automation.demo.tests.TextBoxFormTest" name="testTextBoxForm" time="16.385"/>
  <testcase classname="com.automation.demo.tests.TextBoxFormTest" name="testTextBoxForm" time="18.262"/>
</testsuite> <!-- com.automation.demo.tests.TextBoxFormTest -->
