<?xml version="1.0" encoding="UTF-8"?>
<!-- Generated by org.testng.reporters.JUnitReportReporter -->
<testsuite hostname="IN-81DJX14" failures="0" tests="2" name="com.automation.demo.tests.TextBoxFormTest" time="46.234" errors="0" timestamp="2025-07-20T16:18:41 IST" skipped="0">
  <testcase classname="com.automation.demo.tests.TextBoxFormTest" name="testTextBoxForm" time="36.250"/>
  <testcase classname="com.automation.demo.tests.TextBoxFormTest" name="testTextBoxForm" time="9.984"/>
</testsuite> <!-- com.automation.demo.tests.TextBoxFormTest -->
